1 1 1 566 1000000 1000000
567 1 1 1787 1000000 1000000
1788 1 1 2450 1000000 1000000
2451 1 1 3935 1000000 1000000
3936 1 1 5340 1000000 1000000
5341 1 1 5793 1000000 1000000
5794 1 1 6513 1000000 1000000
6514 1 1 6770 1000000 1000000
6771 1 1 10111 1000000 1000000
10112 1 1 10151 1000000 1000000
10152 1 1 10906 1000000 1000000
10907 1 1 11445 1000000 1000000
11446 1 1 12640 1000000 1000000
12641 1 1 13338 1000000 1000000
13339 1 1 14336 1000000 1000000
14337 1 1 15248 1000000 1000000
15249 1 1 15496 1000000 1000000
15497 1 1 15510 1000000 1000000
15511 1 1 16260 1000000 1000000
16261 1 1 18305 1000000 1000000
18306 1 1 18331 1000000 1000000
18332 1 1 19732 1000000 1000000
19733 1 1 19938 1000000 1000000
19939 1 1 25261 1000000 1000000
25262 1 1 28166 1000000 1000000
28167 1 1 33337 1000000 1000000
33338 1 1 34627 1000000 1000000
34628 1 1 37176 1000000 1000000
37177 1 1 40329 1000000 1000000
40330 1 1 40480 1000000 1000000
40481 1 1 42109 1000000 1000000
42110 1 1 43606 1000000 1000000
43607 1 1 44866 1000000 1000000
44867 1 1 47974 1000000 1000000
47975 1 1 48402 1000000 1000000
48403 1 1 49108 1000000 1000000
49109 1 1 49666 1000000 1000000
49667 1 1 50212 1000000 1000000
50213 1 1 50904 1000000 1000000
50905 1 1 51132 1000000 1000000
51133 1 1 51770 1000000 1000000
51771 1 1 51807 1000000 1000000
51808 1 1 54601 1000000 1000000
54602 1 1 56587 1000000 1000000
56588 1 1 57178 1000000 1000000
57179 1 1 57212 1000000 1000000
57213 1 1 57650 1000000 1000000
57651 1 1 60181 1000000 1000000
60182 1 1 60771 1000000 1000000
60772 1 1 64044 1000000 1000000
64045 1 1 65406 1000000 1000000
65407 1 1 65492 1000000 1000000
65493 1 1 69076 1000000 1000000
69077 1 1 74743 1000000 1000000
74744 1 1 78692 1000000 1000000
78693 1 1 79308 1000000 1000000
79309 1 1 81054 1000000 1000000
81055 1 1 81332 1000000 1000000
81333 1 1 81855 1000000 1000000
81856 1 1 82295 1000000 1000000
82296 1 1 83093 1000000 1000000
83094 1 1 83589 1000000 1000000
83590 1 1 85221 1000000 1000000
85222 1 1 87478 1000000 1000000
87479 1 1 87652 1000000 1000000
87653 1 1 88088 1000000 1000000
88089 1 1 88225 1000000 1000000
88226 1 1 88483 1000000 1000000
88484 1 1 88512 1000000 1000000
88513 1 1 89171 1000000 1000000
89172 1 1 91132 1000000 1000000
91133 1 1 91234 1000000 1000000
91235 1 1 91903 1000000 1000000
91904 1 1 93247 1000000 1000000
93248 1 1 95660 1000000 1000000
95661 1 1 96112 1000000 1000000
96113 1 1 97727 1000000 1000000
97728 1 1 97805 1000000 1000000
97806 1 1 98182 1000000 1000000
98183 1 1 99236 1000000 1000000
99237 1 1 101356 1000000 1000000
101357 1 1 104607 1000000 1000000
104608 1 1 105373 1000000 1000000
105374 1 1 108002 1000000 1000000
108003 1 1 108937 1000000 1000000
108938 1 1 112164 1000000 1000000
112165 1 1 112958 1000000 1000000
112959 1 1 113268 1000000 1000000
113269 1 1 113663 1000000 1000000
113664 1 1 114769 1000000 1000000
114770 1 1 116184 1000000 1000000
116185 1 1 116961 1000000 1000000
116962 1 1 117917 1000000 1000000
117918 1 1 118392 1000000 1000000
118393 1 1 118971 1000000 1000000
118972 1 1 119042 1000000 1000000
119043 1 1 121161 1000000 1000000
121162 1 1 122461 1000000 1000000
122462 1 1 122736 1000000 1000000
122737 1 1 122764 1000000 1000000
122765 1 1 123666 1000000 1000000
123667 1 1 124167 1000000 1000000
124168 1 1 125027 1000000 1000000
125028 1 1 126185 1000000 1000000
126186 1 1 126439 1000000 1000000
126440 1 1 126562 1000000 1000000
126563 1 1 127319 1000000 1000000
127320 1 1 129401 1000000 1000000
129402 1 1 129444 1000000 1000000
129445 1 1 132516 1000000 1000000
132517 1 1 134226 1000000 1000000
134227 1 1 134870 1000000 1000000
134871 1 1 138366 1000000 1000000
138367 1 1 138788 1000000 1000000
138789 1 1 142449 1000000 1000000
142450 1 1 143008 1000000 1000000
143009 1 1 144045 1000000 1000000
144046 1 1 145547 1000000 1000000
145548 1 1 145788 1000000 1000000
145789 1 1 147338 1000000 1000000
147339 1 1 147636 1000000 1000000
147637 1 1 148557 1000000 1000000
148558 1 1 150721 1000000 1000000
150722 1 1 151308 1000000 1000000
151309 1 1 151690 1000000 1000000
151691 1 1 156618 1000000 1000000
156619 1 1 156733 1000000 1000000
156734 1 1 157904 1000000 1000000
157905 1 1 159019 1000000 1000000
159020 1 1 159880 1000000 1000000
159881 1 1 160898 1000000 1000000
160899 1 1 161485 1000000 1000000
161486 1 1 161955 1000000 1000000
161956 1 1 163206 1000000 1000000
163207 1 1 165673 1000000 1000000
165674 1 1 165968 1000000 1000000
165969 1 1 167852 1000000 1000000
167853 1 1 168904 1000000 1000000
168905 1 1 169029 1000000 1000000
169030 1 1 171890 1000000 1000000
171891 1 1 172306 1000000 1000000
172307 1 1 172720 1000000 1000000
172721 1 1 173692 1000000 1000000
173693 1 1 174854 1000000 1000000
174855 1 1 175088 1000000 1000000
175089 1 1 175809 1000000 1000000
175810 1 1 178369 1000000 1000000
178370 1 1 182029 1000000 1000000
182030 1 1 182749 1000000 1000000
182750 1 1 183518 1000000 1000000
183519 1 1 184775 1000000 1000000
184776 1 1 185100 1000000 1000000
185101 1 1 185514 1000000 1000000
185515 1 1 185557 1000000 1000000
185558 1 1 186384 1000000 1000000
186385 1 1 186624 1000000 1000000
186625 1 1 191106 1000000 1000000
191107 1 1 192179 1000000 1000000
192180 1 1 192421 1000000 1000000
192422 1 1 195159 1000000 1000000
195160 1 1 196391 1000000 1000000
196392 1 1 196452 1000000 1000000
196453 1 1 196795 1000000 1000000
196796 1 1 197348 1000000 1000000
197349 1 1 199152 1000000 1000000
199153 1 1 199610 1000000 1000000
199611 1 1 201765 1000000 1000000
201766 1 1 202315 1000000 1000000
202316 1 1 202847 1000000 1000000
202848 1 1 203829 1000000 1000000
203830 1 1 204386 1000000 1000000
204387 1 1 204693 1000000 1000000
204694 1 1 204850 1000000 1000000
204851 1 1 204972 1000000 1000000
204973 1 1 205369 1000000 1000000
205370 1 1 205425 1000000 1000000
205426 1 1 205474 1000000 1000000
205475 1 1 206831 1000000 1000000
206832 1 1 207607 1000000 1000000
207608 1 1 208505 1000000 1000000
208506 1 1 209014 1000000 1000000
209015 1 1 209215 1000000 1000000
209216 1 1 209254 1000000 1000000
209255 1 1 210388 1000000 1000000
210389 1 1 210518 1000000 1000000
210519 1 1 210616 1000000 1000000
210617 1 1 212192 1000000 1000000
212193 1 1 215515 1000000 1000000
215516 1 1 215772 1000000 1000000
215773 1 1 215968 1000000 1000000
215969 1 1 216281 1000000 1000000
216282 1 1 217286 1000000 1000000
217287 1 1 217612 1000000 1000000
217613 1 1 218215 1000000 1000000
218216 1 1 220552 1000000 1000000
220553 1 1 221349 1000000 1000000
221350 1 1 222928 1000000 1000000
222929 1 1 224004 1000000 1000000
224005 1 1 224070 1000000 1000000
224071 1 1 226287 1000000 1000000
226288 1 1 228325 1000000 1000000
228326 1 1 228877 1000000 1000000
228878 1 1 231817 1000000 1000000
231818 1 1 232001 1000000 1000000
232002 1 1 232029 1000000 1000000
232030 1 1 232685 1000000 1000000
232686 1 1 233402 1000000 1000000
233403 1 1 235239 1000000 1000000
235240 1 1 235286 1000000 1000000
235287 1 1 235484 1000000 1000000
235485 1 1 237056 1000000 1000000
237057 1 1 237938 1000000 1000000
237939 1 1 240169 1000000 1000000
240170 1 1 240318 1000000 1000000
240319 1 1 242512 1000000 1000000
242513 1 1 243353 1000000 1000000
243354 1 1 243442 1000000 1000000
243443 1 1 245583 1000000 1000000
245584 1 1 246134 1000000 1000000
246135 1 1 246249 1000000 1000000
246250 1 1 246540 1000000 1000000
246541 1 1 246809 1000000 1000000
246810 1 1 247333 1000000 1000000
247334 1 1 248138 1000000 1000000
248139 1 1 248601 1000000 1000000
248602 1 1 248814 1000000 1000000
248815 1 1 249300 1000000 1000000
249301 1 1 249565 1000000 1000000
249566 1 1 250963 1000000 1000000
250964 1 1 251153 1000000 1000000
251154 1 1 251679 1000000 1000000
251680 1 1 252601 1000000 1000000
252602 1 1 254379 1000000 1000000
254380 1 1 254455 1000000 1000000
254456 1 1 255461 1000000 1000000
255462 1 1 256016 1000000 1000000
256017 1 1 258787 1000000 1000000
258788 1 1 259314 1000000 1000000
259315 1 1 260272 1000000 1000000
260273 1 1 261123 1000000 1000000
261124 1 1 261520 1000000 1000000
261521 1 1 263999 1000000 1000000
264000 1 1 264138 1000000 1000000
264139 1 1 264299 1000000 1000000
264300 1 1 265370 1000000 1000000
265371 1 1 265452 1000000 1000000
265453 1 1 265542 1000000 1000000
265543 1 1 265769 1000000 1000000
265770 1 1 266981 1000000 1000000
266982 1 1 267520 1000000 1000000
267521 1 1 267583 1000000 1000000
267584 1 1 267680 1000000 1000000
267681 1 1 268712 1000000 1000000
268713 1 1 268730 1000000 1000000
268731 1 1 268975 1000000 1000000
268976 1 1 269023 1000000 1000000
269024 1 1 269216 1000000 1000000
269217 1 1 269422 1000000 1000000
269423 1 1 270680 1000000 1000000
270681 1 1 273230 1000000 1000000
273231 1 1 275304 1000000 1000000
275305 1 1 277376 1000000 1000000
277377 1 1 277562 1000000 1000000
277563 1 1 277778 1000000 1000000
277779 1 1 279038 1000000 1000000
279039 1 1 279425 1000000 1000000
279426 1 1 279943 1000000 1000000
279944 1 1 280000 1000000 1000000
280001 1 1 280252 1000000 1000000
280253 1 1 280302 1000000 1000000
280303 1 1 282424 1000000 1000000
282425 1 1 282584 1000000 1000000
282585 1 1 283391 1000000 1000000
283392 1 1 283845 1000000 1000000
283846 1 1 286063 1000000 1000000
286064 1 1 287588 1000000 1000000
287589 1 1 289489 1000000 1000000
289490 1 1 290781 1000000 1000000
290782 1 1 292008 1000000 1000000
292009 1 1 293495 1000000 1000000
293496 1 1 293529 1000000 1000000
293530 1 1 293895 1000000 1000000
293896 1 1 296045 1000000 1000000
296046 1 1 298204 1000000 1000000
298205 1 1 298433 1000000 1000000
298434 1 1 298831 1000000 1000000
298832 1 1 299060 1000000 1000000
299061 1 1 299440 1000000 1000000
299441 1 1 300246 1000000 1000000
300247 1 1 300696 1000000 1000000
300697 1 1 304857 1000000 1000000
304858 1 1 306315 1000000 1000000
306316 1 1 306491 1000000 1000000
306492 1 1 306695 1000000 1000000
306696 1 1 306910 1000000 1000000
306911 1 1 307686 1000000 1000000
307687 1 1 312555 1000000 1000000
312556 1 1 312631 1000000 1000000
312632 1 1 312846 1000000 1000000
312847 1 1 313076 1000000 1000000
313077 1 1 313940 1000000 1000000
313941 1 1 316239 1000000 1000000
316240 1 1 316430 1000000 1000000
316431 1 1 318414 1000000 1000000
318415 1 1 321041 1000000 1000000
321042 1 1 321292 1000000 1000000
321293 1 1 321840 1000000 1000000
321841 1 1 323749 1000000 1000000
323750 1 1 324223 1000000 1000000
324224 1 1 325174 1000000 1000000
325175 1 1 327922 1000000 1000000
327923 1 1 328385 1000000 1000000
328386 1 1 328456 1000000 1000000
328457 1 1 330445 1000000 1000000
330446 1 1 330650 1000000 1000000
330651 1 1 330870 1000000 1000000
330871 1 1 331597 1000000 1000000
331598 1 1 332404 1000000 1000000
332405 1 1 333332 1000000 1000000
333333 1 1 334456 1000000 1000000
334457 1 1 335351 1000000 1000000
335352 1 1 335421 1000000 1000000
335422 1 1 336006 1000000 1000000
336007 1 1 336687 1000000 1000000
336688 1 1 338971 1000000 1000000
338972 1 1 339050 1000000 1000000
339051 1 1 339083 1000000 1000000
339084 1 1 339177 1000000 1000000
339178 1 1 339443 1000000 1000000
339444 1 1 340471 1000000 1000000
340472 1 1 341620 1000000 1000000
341621 1 1 342190 1000000 1000000
342191 1 1 342624 1000000 1000000
342625 1 1 344619 1000000 1000000
344620 1 1 344624 1000000 1000000
344625 1 1 346271 1000000 1000000
346272 1 1 347111 1000000 1000000
347112 1 1 351275 1000000 1000000
351276 1 1 351748 1000000 1000000
351749 1 1 352357 1000000 1000000
352358 1 1 352629 1000000 1000000
352630 1 1 352674 1000000 1000000
352675 1 1 352752 1000000 1000000
352753 1 1 353290 1000000 1000000
353291 1 1 354357 1000000 1000000
354358 1 1 354720 1000000 1000000
354721 1 1 357371 1000000 1000000
357372 1 1 357521 1000000 1000000
357522 1 1 357784 1000000 1000000
357785 1 1 358268 1000000 1000000
358269 1 1 358963 1000000 1000000
358964 1 1 361801 1000000 1000000
361802 1 1 362064 1000000 1000000
362065 1 1 363298 1000000 1000000
363299 1 1 365257 1000000 1000000
365258 1 1 366175 1000000 1000000
366176 1 1 367169 1000000 1000000
367170 1 1 368035 1000000 1000000
368036 1 1 368259 1000000 1000000
368260 1 1 368914 1000000 1000000
368915 1 1 369438 1000000 1000000
369439 1 1 370563 1000000 1000000
370564 1 1 370738 1000000 1000000
370739 1 1 371838 1000000 1000000
371839 1 1 372734 1000000 1000000
372735 1 1 372753 1000000 1000000
372754 1 1 373294 1000000 1000000
373295 1 1 375234 1000000 1000000
375235 1 1 376915 1000000 1000000
376916 1 1 378344 1000000 1000000
378345 1 1 378644 1000000 1000000
378645 1 1 379403 1000000 1000000
379404 1 1 381344 1000000 1000000
381345 1 1 381467 1000000 1000000
381468 1 1 381878 1000000 1000000
381879 1 1 381930 1000000 1000000
381931 1 1 383524 1000000 1000000
383525 1 1 384536 1000000 1000000
384537 1 1 384981 1000000 1000000
384982 1 1 385137 1000000 1000000
385138 1 1 386512 1000000 1000000
386513 1 1 386783 1000000 1000000
386784 1 1 386992 1000000 1000000
386993 1 1 387055 1000000 1000000
387056 1 1 387883 1000000 1000000
387884 1 1 388133 1000000 1000000
388134 1 1 388318 1000000 1000000
388319 1 1 388562 1000000 1000000
388563 1 1 390996 1000000 1000000
390997 1 1 392019 1000000 1000000
392020 1 1 394221 1000000 1000000
394222 1 1 395139 1000000 1000000
395140 1 1 395684 1000000 1000000
395685 1 1 396128 1000000 1000000
396129 1 1 396806 1000000 1000000
396807 1 1 399978 1000000 1000000
399979 1 1 401157 1000000 1000000
401158 1 1 402475 1000000 1000000
402476 1 1 402619 1000000 1000000
402620 1 1 402854 1000000 1000000
402855 1 1 405990 1000000 1000000
405991 1 1 406539 1000000 1000000
406540 1 1 406900 1000000 1000000
406901 1 1 406981 1000000 1000000
406982 1 1 407010 1000000 1000000
407011 1 1 408853 1000000 1000000
408854 1 1 409881 1000000 1000000
409882 1 1 410686 1000000 1000000
410687 1 1 411281 1000000 1000000
411282 1 1 412008 1000000 1000000
412009 1 1 412428 1000000 1000000
412429 1 1 412450 1000000 1000000
412451 1 1 413339 1000000 1000000
413340 1 1 415438 1000000 1000000
415439 1 1 416270 1000000 1000000
416271 1 1 416647 1000000 1000000
416648 1 1 417470 1000000 1000000
417471 1 1 418159 1000000 1000000
418160 1 1 418287 1000000 1000000
418288 1 1 418352 1000000 1000000
418353 1 1 418948 1000000 1000000
418949 1 1 419298 1000000 1000000
419299 1 1 419589 1000000 1000000
419590 1 1 419845 1000000 1000000
419846 1 1 420044 1000000 1000000
420045 1 1 420286 1000000 1000000
420287 1 1 422617 1000000 1000000
422618 1 1 423497 1000000 1000000
423498 1 1 423774 1000000 1000000
423775 1 1 426111 1000000 1000000
426112 1 1 426725 1000000 1000000
426726 1 1 426919 1000000 1000000
426920 1 1 427109 1000000 1000000
427110 1 1 427128 1000000 1000000
427129 1 1 428308 1000000 1000000
428309 1 1 428856 1000000 1000000
428857 1 1 429011 1000000 1000000
429012 1 1 429959 1000000 1000000
429960 1 1 431791 1000000 1000000
431792 1 1 432000 1000000 1000000
432001 1 1 432352 1000000 1000000
432353 1 1 432599 1000000 1000000
432600 1 1 432924 1000000 1000000
432925 1 1 433325 1000000 1000000
433326 1 1 434655 1000000 1000000
434656 1 1 434858 1000000 1000000
434859 1 1 435272 1000000 1000000
435273 1 1 435891 1000000 1000000
435892 1 1 436131 1000000 1000000
436132 1 1 436593 1000000 1000000
436594 1 1 437351 1000000 1000000
437352 1 1 437471 1000000 1000000
437472 1 1 437486 1000000 1000000
437487 1 1 438596 1000000 1000000
438597 1 1 438847 1000000 1000000
438848 1 1 441713 1000000 1000000
441714 1 1 442243 1000000 1000000
442244 1 1 442931 1000000 1000000
442932 1 1 444268 1000000 1000000
444269 1 1 445461 1000000 1000000
445462 1 1 445542 1000000 1000000
445543 1 1 446993 1000000 1000000
446994 1 1 447050 1000000 1000000
447051 1 1 450607 1000000 1000000
450608 1 1 450844 1000000 1000000
450845 1 1 451632 1000000 1000000
451633 1 1 451900 1000000 1000000
451901 1 1 453125 1000000 1000000
453126 1 1 453566 1000000 1000000
453567 1 1 454235 1000000 1000000
454236 1 1 454415 1000000 1000000
454416 1 1 455282 1000000 1000000
455283 1 1 456064 1000000 1000000
456065 1 1 456500 1000000 1000000
456501 1 1 457813 1000000 1000000
457814 1 1 458806 1000000 1000000
458807 1 1 459102 1000000 1000000
459103 1 1 460816 1000000 1000000
460817 1 1 461313 1000000 1000000
461314 1 1 461498 1000000 1000000
461499 1 1 462091 1000000 1000000
462092 1 1 464265 1000000 1000000
464266 1 1 466636 1000000 1000000
466637 1 1 469202 1000000 1000000
469203 1 1 469590 1000000 1000000
469591 1 1 472581 1000000 1000000
472582 1 1 475719 1000000 1000000
475720 1 1 476299 1000000 1000000
476300 1 1 477472 1000000 1000000
477473 1 1 479268 1000000 1000000
479269 1 1 479560 1000000 1000000
479561 1 1 480314 1000000 1000000
480315 1 1 483668 1000000 1000000
483669 1 1 483801 1000000 1000000
483802 1 1 484307 1000000 1000000
484308 1 1 486918 1000000 1000000
486919 1 1 487031 1000000 1000000
487032 1 1 487701 1000000 1000000
487702 1 1 489423 1000000 1000000
489424 1 1 489446 1000000 1000000
489447 1 1 490274 1000000 1000000
490275 1 1 491000 1000000 1000000
491001 1 1 491225 1000000 1000000
491226 1 1 491865 1000000 1000000
491866 1 1 492370 1000000 1000000
492371 1 1 492913 1000000 1000000
492914 1 1 493054 1000000 1000000
493055 1 1 493963 1000000 1000000
493964 1 1 497879 1000000 1000000
497880 1 1 498188 1000000 1000000
498189 1 1 498308 1000000 1000000
498309 1 1 499565 1000000 1000000
499566 1 1 500980 1000000 1000000
500981 1 1 500999 1000000 1000000
501000 1 1 501310 1000000 1000000
501311 1 1 503052 1000000 1000000
503053 1 1 503172 1000000 1000000
503173 1 1 503989 1000000 1000000
503990 1 1 506465 1000000 1000000
506466 1 1 507452 1000000 1000000
507453 1 1 508162 1000000 1000000
508163 1 1 508271 1000000 1000000
508272 1 1 509876 1000000 1000000
509877 1 1 512802 1000000 1000000
512803 1 1 513250 1000000 1000000
513251 1 1 513316 1000000 1000000
513317 1 1 513503 1000000 1000000
513504 1 1 514540 1000000 1000000
514541 1 1 515056 1000000 1000000
515057 1 1 515383 1000000 1000000
515384 1 1 517706 1000000 1000000
517707 1 1 520547 1000000 1000000
520548 1 1 520975 1000000 1000000
520976 1 1 521757 1000000 1000000
521758 1 1 523369 1000000 1000000
523370 1 1 524230 1000000 1000000
524231 1 1 525386 1000000 1000000
525387 1 1 527018 1000000 1000000
527019 1 1 528609 1000000 1000000
528610 1 1 529562 1000000 1000000
529563 1 1 531108 1000000 1000000
531109 1 1 531218 1000000 1000000
531219 1 1 532008 1000000 1000000
532009 1 1 532172 1000000 1000000
532173 1 1 532365 1000000 1000000
532366 1 1 534765 1000000 1000000
534766 1 1 535409 1000000 1000000
535410 1 1 537191 1000000 1000000
537192 1 1 541489 1000000 1000000
541490 1 1 541935 1000000 1000000
541936 1 1 543812 1000000 1000000
543813 1 1 547550 1000000 1000000
547551 1 1 547707 1000000 1000000
547708 1 1 547890 1000000 1000000
547891 1 1 547998 1000000 1000000
547999 1 1 548507 1000000 1000000
548508 1 1 549261 1000000 1000000
549262 1 1 553978 1000000 1000000
553979 1 1 554175 1000000 1000000
554176 1 1 556589 1000000 1000000
556590 1 1 557041 1000000 1000000
557042 1 1 557464 1000000 1000000
557465 1 1 557952 1000000 1000000
557953 1 1 557959 1000000 1000000
557960 1 1 558921 1000000 1000000
558922 1 1 559128 1000000 1000000
559129 1 1 559839 1000000 1000000
559840 1 1 562437 1000000 1000000
562438 1 1 562666 1000000 1000000
562667 1 1 567103 1000000 1000000
567104 1 1 568351 1000000 1000000
568352 1 1 568666 1000000 1000000
568667 1 1 569215 1000000 1000000
569216 1 1 569708 1000000 1000000
569709 1 1 569911 1000000 1000000
569912 1 1 570151 1000000 1000000
570152 1 1 571270 1000000 1000000
571271 1 1 571330 1000000 1000000
571331 1 1 571347 1000000 1000000
571348 1 1 571962 1000000 1000000
571963 1 1 577113 1000000 1000000
577114 1 1 579626 1000000 1000000
579627 1 1 580068 1000000 1000000
580069 1 1 581585 1000000 1000000
581586 1 1 581685 1000000 1000000
581686 1 1 581818 1000000 1000000
581819 1 1 582990 1000000 1000000
582991 1 1 583377 1000000 1000000
583378 1 1 583895 1000000 1000000
583896 1 1 584270 1000000 1000000
584271 1 1 584778 1000000 1000000
584779 1 1 587165 1000000 1000000
587166 1 1 587240 1000000 1000000
587241 1 1 591412 1000000 1000000
591413 1 1 594182 1000000 1000000
594183 1 1 596075 1000000 1000000
596076 1 1 597626 1000000 1000000
597627 1 1 598253 1000000 1000000
598254 1 1 598837 1000000 1000000
598838 1 1 599539 1000000 1000000
599540 1 1 599681 1000000 1000000
599682 1 1 601122 1000000 1000000
601123 1 1 602951 1000000 1000000
602952 1 1 603575 1000000 1000000
603576 1 1 604534 1000000 1000000
604535 1 1 605641 1000000 1000000
605642 1 1 605839 1000000 1000000
605840 1 1 606173 1000000 1000000
606174 1 1 606364 1000000 1000000
606365 1 1 608806 1000000 1000000
608807 1 1 610555 1000000 1000000
610556 1 1 611819 1000000 1000000
611820 1 1 612524 1000000 1000000
612525 1 1 613482 1000000 1000000
613483 1 1 613548 1000000 1000000
613549 1 1 614750 1000000 1000000
614751 1 1 616413 1000000 1000000
616414 1 1 619723 1000000 1000000
619724 1 1 619999 1000000 1000000
620000 1 1 620606 1000000 1000000
620607 1 1 620928 1000000 1000000
620929 1 1 621224 1000000 1000000
621225 1 1 623728 1000000 1000000
623729 1 1 624984 1000000 1000000
624985 1 1 625368 1000000 1000000
625369 1 1 628102 1000000 1000000
628103 1 1 629076 1000000 1000000
629077 1 1 629831 1000000 1000000
629832 1 1 631066 1000000 1000000
631067 1 1 631469 1000000 1000000
631470 1 1 633818 1000000 1000000
633819 1 1 634961 1000000 1000000
634962 1 1 635162 1000000 1000000
635163 1 1 635308 1000000 1000000
635309 1 1 635725 1000000 1000000
635726 1 1 636767 1000000 1000000
636768 1 1 637954 1000000 1000000
637955 1 1 639081 1000000 1000000
639082 1 1 640313 1000000 1000000
640314 1 1 642784 1000000 1000000
642785 1 1 644301 1000000 1000000
644302 1 1 645465 1000000 1000000
645466 1 1 646726 1000000 1000000
646727 1 1 647662 1000000 1000000
647663 1 1 647663 1000000 1000000
647664 1 1 648957 1000000 1000000
648958 1 1 649561 1000000 1000000
649562 1 1 651246 1000000 1000000
651247 1 1 651320 1000000 1000000
651321 1 1 651373 1000000 1000000
651374 1 1 652810 1000000 1000000
652811 1 1 653432 1000000 1000000
653433 1 1 654469 1000000 1000000
654470 1 1 654737 1000000 1000000
654738 1 1 658796 1000000 1000000
658797 1 1 661135 1000000 1000000
661136 1 1 662428 1000000 1000000
662429 1 1 663070 1000000 1000000
663071 1 1 664246 1000000 1000000
664247 1 1 664559 1000000 1000000
664560 1 1 665460 1000000 1000000
665461 1 1 665922 1000000 1000000
665923 1 1 669754 1000000 1000000
669755 1 1 670321 1000000 1000000
670322 1 1 671071 1000000 1000000
671072 1 1 671433 1000000 1000000
671434 1 1 672022 1000000 1000000
672023 1 1 674341 1000000 1000000
674342 1 1 675862 1000000 1000000
675863 1 1 677408 1000000 1000000
677409 1 1 677492 1000000 1000000
677493 1 1 677493 1000000 1000000
677494 1 1 678656 1000000 1000000
678657 1 1 679039 1000000 1000000
679040 1 1 679438 1000000 1000000
679439 1 1 680137 1000000 1000000
680138 1 1 680700 1000000 1000000
680701 1 1 681896 1000000 1000000
681897 1 1 683198 1000000 1000000
683199 1 1 685531 1000000 1000000
685532 1 1 687030 1000000 1000000
687031 1 1 687342 1000000 1000000
687343 1 1 687514 1000000 1000000
687515 1 1 689946 1000000 1000000
689947 1 1 690790 1000000 1000000
690791 1 1 690851 1000000 1000000
690852 1 1 691523 1000000 1000000
691524 1 1 693594 1000000 1000000
693595 1 1 693906 1000000 1000000
693907 1 1 694999 1000000 1000000
695000 1 1 695015 1000000 1000000
695016 1 1 696132 1000000 1000000
696133 1 1 696421 1000000 1000000
696422 1 1 696608 1000000 1000000
696609 1 1 697923 1000000 1000000
697924 1 1 698479 1000000 1000000
698480 1 1 698581 1000000 1000000
698582 1 1 698783 1000000 1000000
698784 1 1 699283 1000000 1000000
699284 1 1 699671 1000000 1000000
699672 1 1 700845 1000000 1000000
700846 1 1 702570 1000000 1000000
702571 1 1 703242 1000000 1000000
703243 1 1 705408 1000000 1000000
705409 1 1 706024 1000000 1000000
706025 1 1 706897 1000000 1000000
706898 1 1 707816 1000000 1000000
707817 1 1 708273 1000000 1000000
708274 1 1 708553 1000000 1000000
708554 1 1 708747 1000000 1000000
708748 1 1 709551 1000000 1000000
709552 1 1 709696 1000000 1000000
709697 1 1 709844 1000000 1000000
709845 1 1 713257 1000000 1000000
713258 1 1 713402 1000000 1000000
713403 1 1 713411 1000000 1000000
713412 1 1 713452 1000000 1000000
713453 1 1 716148 1000000 1000000
716149 1 1 716535 1000000 1000000
716536 1 1 720330 1000000 1000000
720331 1 1 720831 1000000 1000000
720832 1 1 720926 1000000 1000000
720927 1 1 721162 1000000 1000000
721163 1 1 721539 1000000 1000000
721540 1 1 721635 1000000 1000000
721636 1 1 723957 1000000 1000000
723958 1 1 725407 1000000 1000000
725408 1 1 726699 1000000 1000000
726700 1 1 727704 1000000 1000000
727705 1 1 728124 1000000 1000000
728125 1 1 729254 1000000 1000000
729255 1 1 730599 1000000 1000000
730600 1 1 732673 1000000 1000000
732674 1 1 733994 1000000 1000000
733995 1 1 734902 1000000 1000000
734903 1 1 734987 1000000 1000000
734988 1 1 736524 1000000 1000000
736525 1 1 736635 1000000 1000000
736636 1 1 736860 1000000 1000000
736861 1 1 736994 1000000 1000000
736995 1 1 737931 1000000 1000000
737932 1 1 738208 1000000 1000000
738209 1 1 738932 1000000 1000000
738933 1 1 739787 1000000 1000000
739788 1 1 740166 1000000 1000000
740167 1 1 741328 1000000 1000000
741329 1 1 743530 1000000 1000000
743531 1 1 744138 1000000 1000000
744139 1 1 744520 1000000 1000000
744521 1 1 745976 1000000 1000000
745977 1 1 747314 1000000 1000000
747315 1 1 749673 1000000 1000000
749674 1 1 750964 1000000 1000000
750965 1 1 751118 1000000 1000000
751119 1 1 751520 1000000 1000000
751521 1 1 751715 1000000 1000000
751716 1 1 752973 1000000 1000000
752974 1 1 754637 1000000 1000000
754638 1 1 756468 1000000 1000000
756469 1 1 761080 1000000 1000000
761081 1 1 761579 1000000 1000000
761580 1 1 762050 1000000 1000000
762051 1 1 764519 1000000 1000000
764520 1 1 765852 1000000 1000000
765853 1 1 765932 1000000 1000000
765933 1 1 766379 1000000 1000000
766380 1 1 766758 1000000 1000000
766759 1 1 766808 1000000 1000000
766809 1 1 768793 1000000 1000000
768794 1 1 768823 1000000 1000000
768824 1 1 769400 1000000 1000000
769401 1 1 769474 1000000 1000000
769475 1 1 770458 1000000 1000000
770459 1 1 771612 1000000 1000000
771613 1 1 771785 1000000 1000000
771786 1 1 772843 1000000 1000000
772844 1 1 773144 1000000 1000000
773145 1 1 773929 1000000 1000000
773930 1 1 777805 1000000 1000000
777806 1 1 777984 1000000 1000000
777985 1 1 782436 1000000 1000000
782437 1 1 783218 1000000 1000000
783219 1 1 783904 1000000 1000000
783905 1 1 784102 1000000 1000000
784103 1 1 784623 1000000 1000000
784624 1 1 785385 1000000 1000000
785386 1 1 786902 1000000 1000000
786903 1 1 787010 1000000 1000000
787011 1 1 787108 1000000 1000000
787109 1 1 787980 1000000 1000000
787981 1 1 790639 1000000 1000000
790640 1 1 790917 1000000 1000000
790918 1 1 791559 1000000 1000000
791560 1 1 793850 1000000 1000000
793851 1 1 793904 1000000 1000000
793905 1 1 794031 1000000 1000000
794032 1 1 794442 1000000 1000000
794443 1 1 795232 1000000 1000000
795233 1 1 795556 1000000 1000000
795557 1 1 795919 1000000 1000000
795920 1 1 796150 1000000 1000000
796151 1 1 797439 1000000 1000000
797440 1 1 799718 1000000 1000000
799719 1 1 801680 1000000 1000000
801681 1 1 802582 1000000 1000000
802583 1 1 803014 1000000 1000000
803015 1 1 803765 1000000 1000000
803766 1 1 803984 1000000 1000000
803985 1 1 804208 1000000 1000000
804209 1 1 804820 1000000 1000000
804821 1 1 806488 1000000 1000000
806489 1 1 806620 1000000 1000000
806621 1 1 806792 1000000 1000000
806793 1 1 808028 1000000 1000000
808029 1 1 808884 1000000 1000000
808885 1 1 809038 1000000 1000000
809039 1 1 809397 1000000 1000000
809398 1 1 809873 1000000 1000000
809874 1 1 810481 1000000 1000000
810482 1 1 812615 1000000 1000000
812616 1 1 812904 1000000 1000000
812905 1 1 814031 1000000 1000000
814032 1 1 815029 1000000 1000000
815030 1 1 818725 1000000 1000000
818726 1 1 819528 1000000 1000000
819529 1 1 819910 1000000 1000000
819911 1 1 819956 1000000 1000000
819957 1 1 820111 1000000 1000000
820112 1 1 821033 1000000 1000000
821034 1 1 823254 1000000 1000000
823255 1 1 823349 1000000 1000000
823350 1 1 823999 1000000 1000000
824000 1 1 825027 1000000 1000000
825028 1 1 825232 1000000 1000000
825233 1 1 826905 1000000 1000000
826906 1 1 827268 1000000 1000000
827269 1 1 827608 1000000 1000000
827609 1 1 828014 1000000 1000000
828015 1 1 828130 1000000 1000000
828131 1 1 829824 1000000 1000000
829825 1 1 829915 1000000 1000000
829916 1 1 831901 1000000 1000000
831902 1 1 832989 1000000 1000000
832990 1 1 834748 1000000 1000000
834749 1 1 836101 1000000 1000000
836102 1 1 837291 1000000 1000000
837292 1 1 838078 1000000 1000000
838079 1 1 839331 1000000 1000000
839332 1 1 839398 1000000 1000000
839399 1 1 840887 1000000 1000000
840888 1 1 841274 1000000 1000000
841275 1 1 844933 1000000 1000000
844934 1 1 845962 1000000 1000000
845963 1 1 847143 1000000 1000000
847144 1 1 847571 1000000 1000000
847572 1 1 848828 1000000 1000000
848829 1 1 848883 1000000 1000000
848884 1 1 850589 1000000 1000000
850590 1 1 852652 1000000 1000000
852653 1 1 852695 1000000 1000000
852696 1 1 853713 1000000 1000000
853714 1 1 853801 1000000 1000000
853802 1 1 854886 1000000 1000000
854887 1 1 855775 1000000 1000000
855776 1 1 857208 1000000 1000000
857209 1 1 857954 1000000 1000000
857955 1 1 859014 1000000 1000000
859015 1 1 859290 1000000 1000000
859291 1 1 859933 1000000 1000000
859934 1 1 861161 1000000 1000000
861162 1 1 862379 1000000 1000000
862380 1 1 863492 1000000 1000000
863493 1 1 865297 1000000 1000000
865298 1 1 867002 1000000 1000000
867003 1 1 868941 1000000 1000000
868942 1 1 870318 1000000 1000000
870319 1 1 871216 1000000 1000000
871217 1 1 874402 1000000 1000000
874403 1 1 874743 1000000 1000000
874744 1 1 876279 1000000 1000000
876280 1 1 876796 1000000 1000000
876797 1 1 877339 1000000 1000000
877340 1 1 877436 1000000 1000000
877437 1 1 878452 1000000 1000000
878453 1 1 882494 1000000 1000000
882495 1 1 883301 1000000 1000000
883302 1 1 883646 1000000 1000000
883647 1 1 885393 1000000 1000000
885394 1 1 886184 1000000 1000000
886185 1 1 887280 1000000 1000000
887281 1 1 888058 1000000 1000000
888059 1 1 889399 1000000 1000000
889400 1 1 891219 1000000 1000000
891220 1 1 894901 1000000 1000000
894902 1 1 895047 1000000 1000000
895048 1 1 895341 1000000 1000000
895342 1 1 895727 1000000 1000000
895728 1 1 896159 1000000 1000000
896160 1 1 896616 1000000 1000000
896617 1 1 897730 1000000 1000000
897731 1 1 898027 1000000 1000000
898028 1 1 898420 1000000 1000000
898421 1 1 899472 1000000 1000000
899473 1 1 899562 1000000 1000000
899563 1 1 899914 1000000 1000000
899915 1 1 899959 1000000 1000000
899960 1 1 900879 1000000 1000000
900880 1 1 902191 1000000 1000000
902192 1 1 902581 1000000 1000000
902582 1 1 902666 1000000 1000000
902667 1 1 902702 1000000 1000000
902703 1 1 903709 1000000 1000000
903710 1 1 903900 1000000 1000000
903901 1 1 904529 1000000 1000000
904530 1 1 904643 1000000 1000000
904644 1 1 905642 1000000 1000000
905643 1 1 906016 1000000 1000000
906017 1 1 907237 1000000 1000000
907238 1 1 908565 1000000 1000000
908566 1 1 909086 1000000 1000000
909087 1 1 909314 1000000 1000000
909315 1 1 909839 1000000 1000000
909840 1 1 909976 1000000 1000000
909977 1 1 910327 1000000 1000000
910328 1 1 911024 1000000 1000000
911025 1 1 911315 1000000 1000000
911316 1 1 912585 1000000 1000000
912586 1 1 912786 1000000 1000000
912787 1 1 913016 1000000 1000000
913017 1 1 915302 1000000 1000000
915303 1 1 917254 1000000 1000000
917255 1 1 918473 1000000 1000000
918474 1 1 919635 1000000 1000000
919636 1 1 919928 1000000 1000000
919929 1 1 920154 1000000 1000000
920155 1 1 921759 1000000 1000000
921760 1 1 922557 1000000 1000000
922558 1 1 922840 1000000 1000000
922841 1 1 923737 1000000 1000000
923738 1 1 925064 1000000 1000000
925065 1 1 927064 1000000 1000000
927065 1 1 927501 1000000 1000000
927502 1 1 927724 1000000 1000000
927725 1 1 928066 1000000 1000000
928067 1 1 929289 1000000 1000000
929290 1 1 929304 1000000 1000000
929305 1 1 932450 1000000 1000000
932451 1 1 933841 1000000 1000000
933842 1 1 934484 1000000 1000000
934485 1 1 935107 1000000 1000000
935108 1 1 935953 1000000 1000000
935954 1 1 936049 1000000 1000000
936050 1 1 937038 1000000 1000000
937039 1 1 937981 1000000 1000000
937982 1 1 941548 1000000 1000000
941549 1 1 943135 1000000 1000000
943136 1 1 945216 1000000 1000000
945217 1 1 945769 1000000 1000000
945770 1 1 951648 1000000 1000000
951649 1 1 951835 1000000 1000000
951836 1 1 955023 1000000 1000000
955024 1 1 955832 1000000 1000000
955833 1 1 956432 1000000 1000000
956433 1 1 957044 1000000 1000000
957045 1 1 957848 1000000 1000000
957849 1 1 958693 1000000 1000000
958694 1 1 958759 1000000 1000000
958760 1 1 958857 1000000 1000000
958858 1 1 960337 1000000 1000000
960338 1 1 960480 1000000 1000000
960481 1 1 961530 1000000 1000000
961531 1 1 961862 1000000 1000000
961863 1 1 961897 1000000 1000000
961898 1 1 963231 1000000 1000000
963232 1 1 963308 1000000 1000000
963309 1 1 967019 1000000 1000000
967020 1 1 967299 1000000 1000000
967300 1 1 967539 1000000 1000000
967540 1 1 967944 1000000 1000000
967945 1 1 969329 1000000 1000000
969330 1 1 969932 1000000 1000000
969933 1 1 971515 1000000 1000000
971516 1 1 973735 1000000 1000000
973736 1 1 973909 1000000 1000000
973910 1 1 975660 1000000 1000000
975661 1 1 975925 1000000 1000000
975926 1 1 979394 1000000 1000000
979395 1 1 982948 1000000 1000000
982949 1 1 987746 1000000 1000000
987747 1 1 987996 1000000 1000000
987997 1 1 990347 1000000 1000000
990348 1 1 990847 1000000 1000000
990848 1 1 991059 1000000 1000000
991060 1 1 991543 1000000 1000000
991544 1 1 992030 1000000 1000000
992031 1 1 992775 1000000 1000000
992776 1 1 993254 1000000 1000000
993255 1 1 996383 1000000 1000000
996384 1 1 998252 1000000 1000000
998253 1 1 1000000 1000000 1000000
