1861
5824
4212
5929
2774
3958
6088
3472
1682
4922
3124
5746
5524
2588
5286
1570
4274
1216
3460
4807
4496
10648
4581
1319
8007
636
3698
3673
4889
3976
5124
1909
2892
3600
4017
1781
2436
3157
2709
2264
3478
2439
1850
3919
1883
4893
2465
6815
604
3261
4839
7159
5952
5137
7475
2615
8414
2928
2979
5256
1956
3602
3280
2554
2659
4502
1652
2494
4364
4467
2263
4307
3927
9598
3363
2880
2404
5096
3320
1888
1373
3133
5663
3343
3518
3221
2020
4766
4276
12596
5407
2535
2325
4201
2237
4186
4640
2006
12810
3120
1977
2357
3224
3257
3528
5831
5111
6361
2629
4362
5558
5071
1753
7265
3922
2216
2566
6108
1500
3929
2342
4538
2442
2020
3913
2600
6317
5629
675
3200
3473
5431
3669
2936
1830
3242
2567
2285
10004
3145
3348
2959
2250
3696
1784
3093
3627
4301
3656
3478
5873
1651
1925
4110
1312
2946
5695
5823
1935
2927
2213
5701
4444
1836
3778
5294
5467
5569
2356
2006
3213
2215
3877
3017
3486
3325
527
2300
1039
1829
9418
3776
8201
2714
4640
3885
9515
4600
3127
2522
3600
6141
3374
9125
3184
5100
3480
5943
4459
1694
4509
2183
9969
3830
3536
2470
4844
3494
5108
2842
6340
2644
7737
4578
1772
4048
7415
3687
4008
5000
3434
2772
4485
6894
6677
4017
1155
2193
4465
2527
3739
4302
5290
4888
5706
3733
4067
2025
3049
5402
3878
5811
1590
2219
3673
2753
2439
3707
2674
3732
8346
3019
4191
5978
3835
2266
2099
3491
1615
3050
3820
1693
1954
2780
4367
1078
3312
7148
4002
3283
2047
984
6803
1630
3847
2388
5187
11959
2541
5871
2867
1348
3900
3891
4147
1650
3647
7286
4526
2392
1226
3685
2583
4824
1441
2304
2438
3954
1949
3299
3470
3277
3504
2768
5649
8965
759
5046
7992
3395
6349
4725
1846
5324
2005
4295
3904
3585
7097
3781
6008
2595
5125
5688
3801
5908
5834
3908
2281
1027
4085
1469
2251
3432
5457
4223
6499
1383
4919
4480
2720
3101
3292
4731
3500
4634
7113
1014
4053
4549
5660
3567
6052
4553
5664
5800
6726
623
3610
8261
3194
6128
9255
2356
3880
2311
9381
3080
4065
2876
3618
3381
5105
4134
1308
4810
7084
4946
3248
4286
2435
2100
2405
1809
3976
2052
7905
408
3162
2042
4304
4602
5291
1216
4514
4730
4587
3786
246
6563
813
2656
1083
2013
1830
2316
4858
4845
3217
1596
6104
2287
4697
3184
2112
1986
6211
4900
4771
1476
6237
6585
6842
3146
2114
2600
3361
2171
2625
750
5865
2193
2857
2396
2607
4796
2529
4089
3868
3594
1995
5291
2614
6530
3850
4260
1362
6644
7646
1241
5678
2408
2307
6010
6011
4179
5529
3352
813
4688
2148
9202
2696
2399
2288
3311
2668
2705
2225
2521
7061
12715
3794
3854
2481
3617
5132
5287
4110
5541
3315
2713
4083
2702
2390
1570
1708
7525
1980
3060
7157
3058
2101
5342
982
3320
3364
4592
2325
2991
1759
2448
5871
4615
4041
4690
3368
5869
344
4615
2432
2435
3142
4067
4602
4070
5876
4304
4235
3654
3361
5602
1754
2720
5800
2278
5816
3478
4118
4032
4399
5251
4743
2522
4584
3051
2830
2478
4254
3296
4877
9040
2881
2937
5010
1575
3418
1753
1864
842
414
2839
4796
4599
6107
5000
2728
4661
5683
6437
3991
5359
4790
1867
3058
1226
6854
3329
3450
4289
1077
4275
4428
4925
3198
4254
5599
1680
2527
4059
4747
2239
2926
6119
2278
3318
4336
3134
7868
2358
2941
7707
2073
3649
6015
671
1654
1696
2891
1742
4234
6244
9723
2009
3988
2257
1730
3593
4425
9880
3757
3675
4900
5593
1866
2798
3373
3830
4462
10741
3371
5315
5341
1728
4907
1273
3776
1068
4589
3340
4536
3582
2585
2116
5070
2991
4423
2432
7101
621
4479
1832
1239
5535
3180
4690
2869
4472
4963
2890
3669
2100
6191
4593
4540
6019
2800
3000
7261
3031
2069
385
2199
5368
5823
2947
3264
3011
1289
3335
9067
4429
2548
8523
3310
10651
15012
4035
559
4100
4041
2504
3144
6091
1223
2597
9336
2616
3541
3178
2718
1568
5783
2115
5888
2852
9288
4133
3324
3932
2117
2818
2195
5239
5102
3443
3818
3431
5539
3677
3510
2710
3267
240
6008
1542
2515
1494
4770
772
3205
2781
211
5257
2947
9687
3295
6237
3665
3035
9682
2872
4118
2978
6974
1132
1347
2838
6024
5992
4152
4485
5531
5257
4607
3192
1432
5531
1714
1362
3030
2165
3566
3654
4683
7584
2757
2734
2471
1657
2630
4841
3363
2681
3915
1434
2251
1416
4755
515
3968
3233
476
4593
11393
4947
2576
1918
3962
5368
1926
4418
6472
2524
2745
1308
4630
1226
2380
3414
4182
3767
8928
4689
5023
4774
3786
5577
812
5346
3902
3218
5054
4928
1346
2209
6004
2718
2951
3571
952
2978
5507
4166
6763
3907
3389
3675
216
10030
1596
6189
409
3583
3825
3664
10205
1904
2000
1666
6419
6492
1238
4346
4749
3276
5318
2487
4994
3298
5624
2819
1707
5797
2779
6782
1994
5213
3042
6619
4838
2518
3103
3405
4051
3262
4808
1070
4758
4598
1517
4384
829
1806
4718
755
2434
5096
6351
3458
4025
4969
4763
5945
4891
1959
3267
2664
4352
2960
3014
2591
3820
3492
7429
6577
2847
6873
4524
3068
6319
7415
2233
5265
3345
3064
4705
2581
2367
7514
6820
2982
1446
683
3936
3682
4875
1667
2697
851
3452
3335
3435
5328
3758
6469
17728
1604
1838
8472
3160
3216
9708
7092
5641
3142
2100
3673
5951
2420
5587
3851
2376
3549
4480
4468
5339
4179
5887
1333
3282
3154
2223
5661
961
8388
5203
5304
6469
2678
3713
4184
4195
3253
2686
5132
7730
2724
2586
3997
6026
5417
4106
2268
2231
6030
3187
5677
3035
5278
7061
2922
3411
3261
2839
1965
1837
3710
5061
1980
3019
1623
3800
991
8258
3642
4055
4671
328
5166
5508
3070
5699
756
1920
4793
5261
2638
4809
2931
